Determining if the pthread_create exist failed with the following output:
Change Dir: /home/xinyu/Desktop/my_workspace/build/CMakeFiles/CMakeTmp

Run Build Command:"/usr/bin/make" "cmTC_e9761/fast"
/usr/bin/make -f CMakeFiles/cmTC_e9761.dir/build.make CMakeFiles/cmTC_e9761.dir/build
make[1]: Entering directory '/home/xinyu/Desktop/my_workspace/build/CMakeFiles/CMakeTmp'
Building C object CMakeFiles/cmTC_e9761.dir/CheckSymbolExists.c.o
/usr/bin/cc     -o CMakeFiles/cmTC_e9761.dir/CheckSymbolExists.c.o   -c /home/xinyu/Desktop/my_workspace/build/CMakeFiles/CMakeTmp/CheckSymbolExists.c
Linking C executable cmTC_e9761
/usr/bin/cmake -E cmake_link_script CMakeFiles/cmTC_e9761.dir/link.txt --verbose=1
/usr/bin/cc       CMakeFiles/cmTC_e9761.dir/CheckSymbolExists.c.o  -o cmTC_e9761 -rdynamic 
CMakeFiles/cmTC_e9761.dir/CheckSymbolExists.c.o: In function `main':
CheckSymbolExists.c:(.text+0x16): undefined reference to `pthread_create'
collect2: error: ld returned 1 exit status
CMakeFiles/cmTC_e9761.dir/build.make:97: recipe for target 'cmTC_e9761' failed
make[1]: *** [cmTC_e9761] Error 1
make[1]: Leaving directory '/home/xinyu/Desktop/my_workspace/build/CMakeFiles/CMakeTmp'
Makefile:126: recipe for target 'cmTC_e9761/fast' failed
make: *** [cmTC_e9761/fast] Error 2

File /home/xinyu/Desktop/my_workspace/build/CMakeFiles/CMakeTmp/CheckSymbolExists.c:
/* */
#include <pthread.h>

int main(int argc, char** argv)
{
  (void)argv;
#ifndef pthread_create
  return ((int*)(&pthread_create))[argc];
#else
  (void)argc;
  return 0;
#endif
}

Determining if the function pthread_create exists in the pthreads failed with the following output:
Change Dir: /home/xinyu/Desktop/my_workspace/build/CMakeFiles/CMakeTmp

Run Build Command:"/usr/bin/make" "cmTC_fbf21/fast"
/usr/bin/make -f CMakeFiles/cmTC_fbf21.dir/build.make CMakeFiles/cmTC_fbf21.dir/build
make[1]: Entering directory '/home/xinyu/Desktop/my_workspace/build/CMakeFiles/CMakeTmp'
Building C object CMakeFiles/cmTC_fbf21.dir/CheckFunctionExists.c.o
/usr/bin/cc    -DCHECK_FUNCTION_EXISTS=pthread_create   -o CMakeFiles/cmTC_fbf21.dir/CheckFunctionExists.c.o   -c /usr/share/cmake-3.5/Modules/CheckFunctionExists.c
Linking C executable cmTC_fbf21
/usr/bin/cmake -E cmake_link_script CMakeFiles/cmTC_fbf21.dir/link.txt --verbose=1
/usr/bin/cc   -DCHECK_FUNCTION_EXISTS=pthread_create    CMakeFiles/cmTC_fbf21.dir/CheckFunctionExists.c.o  -o cmTC_fbf21 -rdynamic -lpthreads 
/usr/bin/ld: cannot find -lpthreads
collect2: error: ld returned 1 exit status
CMakeFiles/cmTC_fbf21.dir/build.make:97: recipe for target 'cmTC_fbf21' failed
make[1]: *** [cmTC_fbf21] Error 1
make[1]: Leaving directory '/home/xinyu/Desktop/my_workspace/build/CMakeFiles/CMakeTmp'
Makefile:126: recipe for target 'cmTC_fbf21/fast' failed
make: *** [cmTC_fbf21/fast] Error 2


